Process SpawnProcess-4:
Traceback (most recent call last):
  File "C:\Users\admin.DESKTOP-0RB5H2T.000\AppData\Local\Programs\Python\Python314\Lib\logging\config.py", line 583, in configure
    formatters[name] = self.configure_formatter(
                       ~~~~~~~~~~~~~~~~~~~~~~~~^
                                        formatters[name])
                                        ^^^^^^^^^^^^^^^^^
  File "C:\Users\admin.DESKTOP-0RB5H2T.000\AppData\Local\Programs\Python\Python314\Lib\logging\config.py", line 693, in configure_formatter
    result = self.configure_custom(config)
  File "C:\Users\admin.DESKTOP-0RB5H2T.000\AppData\Local\Programs\Python\Python314\Lib\logging\config.py", line 487, in configure_custom
    result = c(**kwargs)
  File "C:\Users\admin.DESKTOP-0RB5H2T.000\AppData\Local\Programs\Python\Python314\Lib\site-packages\uvicorn\logging.py", line 42, in __init__
    self.use_colors = sys.stdout.isatty()
                      ^^^^^^^^^^^^^^^^^
AttributeError: 'TailLogger' object has no attribute 'isatty'

The above exception was the direct cause of the following exception:

Traceback (most recent call last):
  File "C:\Users\admin.DESKTOP-0RB5H2T.000\AppData\Local\Programs\Python\Python314\Lib\multiprocessing\process.py", line 320, in _bootstrap
    self.run()
    ~~~~~~~~^^
  File "C:\Users\admin.DESKTOP-0RB5H2T.000\AppData\Local\Programs\Python\Python314\Lib\multiprocessing\process.py", line 108, in run
    self._target(*self._args, **self._kwargs)
    ~~~~~~~~~~~~^^^^^^^^^^^^^^^^^^^^^^^^^^^^^
  File "C:\Users\admin.DESKTOP-0RB5H2T.000\AppData\Local\Programs\Python\Python314\Lib\site-packages\uvicorn\_subprocess.py", line 76, in subprocess_started
    config.configure_logging()
    ~~~~~~~~~~~~~~~~~~~~~~~~^^
  File "C:\Users\admin.DESKTOP-0RB5H2T.000\AppData\Local\Programs\Python\Python314\Lib\site-packages\uvicorn\config.py", line 379, in configure_logging
    logging.config.dictConfig(self.log_config)
    ~~~~~~~~~~~~~~~~~~~~~~~~~^^^^^^^^^^^^^^^^^
  File "C:\Users\admin.DESKTOP-0RB5H2T.000\AppData\Local\Programs\Python\Python314\Lib\logging\config.py", line 946, in dictConfig
    dictConfigClass(config).configure()
    ~~~~~~~~~~~~~~~~~~~~~~~~~~~~~~~~~^^
  File "C:\Users\admin.DESKTOP-0RB5H2T.000\AppData\Local\Programs\Python\Python314\Lib\logging\config.py", line 586, in configure
    raise ValueError('Unable to configure '
                     'formatter %r' % name) from e
ValueError: Unable to configure formatter 'default'
